# JRE version: Java(TM) SE Runtime Environment (8.0_191-b12) (build 1.8.0_191-b12)
# Java VM: Java HotSpot(TM) 64-Bit Server VM (25.191-b12 mixed mode linux-amd64 compressed oops)
Heap:
 PSYoungGen      total 136192K, used 8447K [0x00000000d7100000, 0x00000000dff00000, 0x0000000100000000)
  eden space 126976K, 0% used [0x00000000d7100000,0x00000000d7100000,0x00000000ded00000)
  from space 9216K, 91% used [0x00000000ded00000,0x00000000df53fc68,0x00000000df600000)
  to   space 9216K, 0% used [0x00000000df600000,0x00000000df600000,0x00000000dff00000)
 ParOldGen       total 53248K, used 6282K [0x0000000085200000, 0x0000000088600000, 0x00000000d7100000)
  object space 53248K, 11% used [0x0000000085200000,0x0000000085822a70,0x0000000088600000)
 Metaspace       used 24754K, capacity 25468K, committed 25728K, reserved 1071104K
  class space    used 3159K, capacity 3340K, committed 3456K, reserved 1048576K
GC Heap History (10 events):
Event: 1,473 GC heap after
Heap after GC invocations=3 (full 0):
 PSYoungGen      total 36864K, used 4318K [0x00000000d7100000, 0x00000000db900000, 0x0000000100000000)
  eden space 31744K, 0% used [0x00000000d7100000,0x00000000d7100000,0x00000000d9000000)
  from space 5120K, 84% used [0x00000000d9000000,0x00000000d9437b00,0x00000000d9500000)
  to   space 5120K, 0% used [0x00000000db400000,0x00000000db400000,0x00000000db900000)
 ParOldGen       total 84992K, used 24K [0x0000000085200000, 0x000000008a500000, 0x00000000d7100000)
  object space 84992K, 0% used [0x0000000085200000,0x0000000085206000,0x000000008a500000)
 Metaspace       used 11076K, capacity 11408K, committed 11776K, reserved 1058816K
  class space    used 1311K, capacity 1413K, committed 1536K, reserved 1048576K
}
Event: 1,686 GC heap before
{Heap before GC invocations=4 (full 0):
 PSYoungGen      total 36864K, used 36062K [0x00000000d7100000, 0x00000000db900000, 0x0000000100000000)
  eden space 31744K, 100% used [0x00000000d7100000,0x00000000d9000000,0x00000000d9000000)
  from space 5120K, 84% used [0x00000000d9000000,0x00000000d9437b00,0x00000000d9500000)
  to   space 5120K, 0% used [0x00000000db400000,0x00000000db400000,0x00000000db900000)
 ParOldGen       total 84992K, used 24K [0x0000000085200000, 0x000000008a500000, 0x00000000d7100000)
  object space 84992K, 0% used [0x0000000085200000,0x0000000085206000,0x000000008a500000)
 Metaspace       used 13363K, capacity 13746K, committed 13952K, reserved 1060864K
  class space    used 1711K, capacity 1834K, committed 1920K, reserved 1048576K
Event: 1,699 GC heap after
Heap after GC invocations=4 (full 0):
 PSYoungGen      total 68608K, used 4837K [0x00000000d7100000, 0x00000000db900000, 0x0000000100000000)
  eden space 63488K, 0% used [0x00000000d7100000,0x00000000d7100000,0x00000000daf00000)
  from space 5120K, 94% used [0x00000000db400000,0x00000000db8b9620,0x00000000db900000)
  to   space 5120K, 0% used [0x00000000daf00000,0x00000000daf00000,0x00000000db400000)
 ParOldGen       total 84992K, used 32K [0x0000000085200000, 0x000000008a500000, 0x00000000d7100000)
  object space 84992K, 0% used [0x0000000085200000,0x0000000085208000,0x000000008a500000)
 Metaspace       used 13363K, capacity 13746K, committed 13952K, reserved 1060864K
  class space    used 1711K, capacity 1834K, committed 1920K, reserved 1048576K
}
Event: 2,441 GC heap before
{Heap before GC invocations=5 (full 0):
 PSYoungGen      total 68608K, used 68325K [0x00000000d7100000, 0x00000000db900000, 0x0000000100000000)
  eden space 63488K, 100% used [0x00000000d7100000,0x00000000daf00000,0x00000000daf00000)
  from space 5120K, 94% used [0x00000000db400000,0x00000000db8b9620,0x00000000db900000)
  to   space 5120K, 0% used [0x00000000daf00000,0x00000000daf00000,0x00000000db400000)
 ParOldGen       total 84992K, used 32K [0x0000000085200000, 0x000000008a500000, 0x00000000d7100000)
  object space 84992K, 0% used [0x0000000085200000,0x0000000085208000,0x000000008a500000)
 Metaspace       used 19517K, capacity 20028K, committed 20352K, reserved 1067008K
  class space    used 2482K, capacity 2623K, committed 2688K, reserved 1048576K
Event: 2,464 GC heap after
Heap after GC invocations=5 (full 0):
 PSYoungGen      total 68608K, used 5114K [0x00000000d7100000, 0x00000000dff00000, 0x0000000100000000)
  eden space 63488K, 0% used [0x00000000d7100000,0x00000000d7100000,0x00000000daf00000)
  from space 5120K, 99% used [0x00000000daf00000,0x00000000db3fea10,0x00000000db400000)
  to   space 9216K, 0% used [0x00000000df600000,0x00000000df600000,0x00000000dff00000)
 ParOldGen       total 84992K, used 4401K [0x0000000085200000, 0x000000008a500000, 0x00000000d7100000)
  object space 84992K, 5% used [0x0000000085200000,0x000000008564c420,0x000000008a500000)
 Metaspace       used 19517K, capacity 20028K, committed 20352K, reserved 1067008K
  class space    used 2482K, capacity 2623K, committed 2688K, reserved 1048576K
}
Event: 2,708 GC heap before
{Heap before GC invocations=6 (full 0):
 PSYoungGen      total 68608K, used 22678K [0x00000000d7100000, 0x00000000dff00000, 0x0000000100000000)
  eden space 63488K, 27% used [0x00000000d7100000,0x00000000d82270b0,0x00000000daf00000)
  from space 5120K, 99% used [0x00000000daf00000,0x00000000db3fea10,0x00000000db400000)
  to   space 9216K, 0% used [0x00000000df600000,0x00000000df600000,0x00000000dff00000)
 ParOldGen       total 84992K, used 4401K [0x0000000085200000, 0x000000008a500000, 0x00000000d7100000)
  object space 84992K, 5% used [0x0000000085200000,0x000000008564c420,0x000000008a500000)
 Metaspace       used 20627K, capacity 21176K, committed 21248K, reserved 1067008K
  class space    used 2652K, capacity 2815K, committed 2816K, reserved 1048576K
Event: 2,717 GC heap after
Heap after GC invocations=6 (full 0):
 PSYoungGen      total 136192K, used 5985K [0x00000000d7100000, 0x00000000dff00000, 0x0000000100000000)
  eden space 126976K, 0% used [0x00000000d7100000,0x00000000d7100000,0x00000000ded00000)
  from space 9216K, 64% used [0x00000000df600000,0x00000000dfbd8470,0x00000000dff00000)
  to   space 9216K, 0% used [0x00000000ded00000,0x00000000ded00000,0x00000000df600000)
 ParOldGen       total 84992K, used 4409K [0x0000000085200000, 0x000000008a500000, 0x00000000d7100000)
  object space 84992K, 5% used [0x0000000085200000,0x000000008564e420,0x000000008a500000)
 Metaspace       used 20627K, capacity 21176K, committed 21248K, reserved 1067008K
  class space    used 2652K, capacity 2815K, committed 2816K, reserved 1048576K
}
Event: 2,717 GC heap before
{Heap before GC invocations=7 (full 1):
 PSYoungGen      total 136192K, used 5985K [0x00000000d7100000, 0x00000000dff00000, 0x0000000100000000)
  eden space 126976K, 0% used [0x00000000d7100000,0x00000000d7100000,0x00000000ded00000)
  from space 9216K, 64% used [0x00000000df600000,0x00000000dfbd8470,0x00000000dff00000)
  to   space 9216K, 0% used [0x00000000ded00000,0x00000000ded00000,0x00000000df600000)
 ParOldGen       total 84992K, used 4409K [0x0000000085200000, 0x000000008a500000, 0x00000000d7100000)
  object space 84992K, 5% used [0x0000000085200000,0x000000008564e420,0x000000008a500000)
 Metaspace       used 20627K, capacity 21176K, committed 21248K, reserved 1067008K
  class space    used 2652K, capacity 2815K, committed 2816K, reserved 1048576K
Event: 2,782 GC heap after
Heap after GC invocations=7 (full 1):
 PSYoungGen      total 136192K, used 0K [0x00000000d7100000, 0x00000000dff00000, 0x0000000100000000)
  eden space 126976K, 0% used [0x00000000d7100000,0x00000000d7100000,0x00000000ded00000)
  from space 9216K, 0% used [0x00000000df600000,0x00000000df600000,0x00000000dff00000)
  to   space 9216K, 0% used [0x00000000ded00000,0x00000000ded00000,0x00000000df600000)
 ParOldGen       total 53248K, used 6274K [0x0000000085200000, 0x0000000088600000, 0x00000000d7100000)
  object space 53248K, 11% used [0x0000000085200000,0x0000000085820a70,0x0000000088600000)
 Metaspace       used 20627K, capacity 21176K, committed 21248K, reserved 1067008K
  class space    used 2652K, capacity 2815K, committed 2816K, reserved 1048576K
}
Event: 4,539 GC heap before
{Heap before GC invocations=8 (full 1):
 PSYoungGen      total 136192K, used 126976K [0x00000000d7100000, 0x00000000dff00000, 0x0000000100000000)
  eden space 126976K, 100% used [0x00000000d7100000,0x00000000ded00000,0x00000000ded00000)
  from space 9216K, 0% used [0x00000000df600000,0x00000000df600000,0x00000000dff00000)
  to   space 9216K, 0% used [0x00000000ded00000,0x00000000ded00000,0x00000000df600000)
 ParOldGen       total 53248K, used 6274K [0x0000000085200000, 0x0000000088600000, 0x00000000d7100000)
  object space 53248K, 11% used [0x0000000085200000,0x0000000085820a70,0x0000000088600000)
 Metaspace       used 24754K, capacity 25468K, committed 25728K, reserved 1071104K
  class space    used 3159K, capacity 3340K, committed 3456K, reserved 1048576K

